<?xml version="1.0" encoding="UTF-8"?>
<testsuite xmlns:xsi="http://www.w3.org/2001/XMLSchema-instance" xsi:noNamespaceSchemaLocation="https://maven.apache.org/surefire/maven-surefire-plugin/xsd/surefire-test-report.xsd" name="ru.scherin.telegramBot.command.CommandContainerTest" time="0.145" tests="2" errors="0" skipped="0" failures="0">
  <properties>
[...]
</properties>
  <testcase name="shouldGetAllTheExistingCommands" classname="ru.scherin.telegramBot.command.CommandContainerTest" time="0.143"/>
  <testcase name="shouldReturnUnknownCommand" classname="ru.scherin.telegramBot.command.CommandContainerTest" time="0.001"/>
</testsuite>